# JRE version: OpenJDK Runtime Environment (8.0_242-b01) (build 1.8.0_242-release-1644-b01)
# Java VM: OpenJDK 64-Bit Server VM (25.242-b01 mixed mode windows-amd64 compressed oops)
Heap:
 PSYoungGen      total 534528K, used 146536K [0x00000000d5580000, 0x0000000100000000, 0x0000000100000000)
  eden space 372736K, 25% used [0x00000000d5580000,0x00000000db1a35c0,0x00000000ec180000)
  from space 161792K, 32% used [0x00000000f5900000,0x00000000f8bf6e00,0x00000000ff700000)
  to   space 155136K, 0% used [0x00000000ec180000,0x00000000ec180000,0x00000000f5900000)
 ParOldGen       total 477696K, used 370438K [0x0000000080000000, 0x000000009d280000, 0x00000000d5580000)
  object space 477696K, 77% used [0x0000000080000000,0x00000000969c1810,0x000000009d280000)
 Metaspace       used 110286K, capacity 116922K, committed 117160K, reserved 1150976K
  class space    used 14231K, capacity 15463K, committed 15536K, reserved 1048576K
GC Heap History (10 events):
Event: 1130.653 GC heap before
{Heap before GC invocations=46 (full 4):
 PSYoungGen      total 504832K, used 504591K [0x00000000d5580000, 0x00000000ffa80000, 0x0000000100000000)
  eden space 448000K, 100% used [0x00000000d5580000,0x00000000f0b00000,0x00000000f0b00000)
  from space 56832K, 99% used [0x00000000f0b00000,0x00000000f4243ff8,0x00000000f4280000)
  to   space 120832K, 0% used [0x00000000f8480000,0x00000000f8480000,0x00000000ffa80000)
 ParOldGen       total 477696K, used 283632K [0x0000000080000000, 0x000000009d280000, 0x00000000d5580000)
  object space 477696K, 59% used [0x0000000080000000,0x00000000914fc048,0x000000009d280000)
 Metaspace       used 98628K, capacity 104078K, committed 104360K, reserved 1140736K
  class space    used 12602K, capacity 13594K, committed 13744K, reserved 1048576K
Event: 1130.790 GC heap after
Heap after GC invocations=46 (full 4):
 PSYoungGen      total 508416K, used 120813K [0x00000000d5580000, 0x0000000100000000, 0x0000000100000000)
  eden space 387584K, 0% used [0x00000000d5580000,0x00000000d5580000,0x00000000ed000000)
  from space 120832K, 99% used [0x00000000f8480000,0x00000000ffa7b710,0x00000000ffa80000)
  to   space 155648K, 0% used [0x00000000ed000000,0x00000000ed000000,0x00000000f6800000)
 ParOldGen       total 477696K, used 327025K [0x0000000080000000, 0x000000009d280000, 0x00000000d5580000)
  object space 477696K, 68% used [0x0000000080000000,0x0000000093f5c4b0,0x000000009d280000)
 Metaspace       used 98628K, capacity 104078K, committed 104360K, reserved 1140736K
  class space    used 12602K, capacity 13594K, committed 13744K, reserved 1048576K
}
Event: 1132.125 GC heap before
{Heap before GC invocations=47 (full 4):
 PSYoungGen      total 508416K, used 508397K [0x00000000d5580000, 0x0000000100000000, 0x0000000100000000)
  eden space 387584K, 100% used [0x00000000d5580000,0x00000000ed000000,0x00000000ed000000)
  from space 120832K, 99% used [0x00000000f8480000,0x00000000ffa7b710,0x00000000ffa80000)
  to   space 155648K, 0% used [0x00000000ed000000,0x00000000ed000000,0x00000000f6800000)
 ParOldGen       total 477696K, used 327025K [0x0000000080000000, 0x000000009d280000, 0x00000000d5580000)
  object space 477696K, 68% used [0x0000000080000000,0x0000000093f5c4b0,0x000000009d280000)
 Metaspace       used 98647K, capacity 104148K, committed 104616K, reserved 1140736K
  class space    used 12603K, capacity 13595K, committed 13744K, reserved 1048576K
Event: 1132.219 GC heap after
Heap after GC invocations=47 (full 4):
 PSYoungGen      total 533504K, used 145695K [0x00000000d5580000, 0x0000000100000000, 0x0000000100000000)
  eden space 387584K, 0% used [0x00000000d5580000,0x00000000d5580000,0x00000000ed000000)
  from space 145920K, 99% used [0x00000000ed000000,0x00000000f5e47fe0,0x00000000f5e80000)
  to   space 165376K, 0% used [0x00000000f5e80000,0x00000000f5e80000,0x0000000100000000)
 ParOldGen       total 477696K, used 327025K [0x0000000080000000, 0x000000009d280000, 0x00000000d5580000)
  object space 477696K, 68% used [0x0000000080000000,0x0000000093f5c4b0,0x000000009d280000)
 Metaspace       used 98647K, capacity 104148K, committed 104616K, reserved 1140736K
  class space    used 12603K, capacity 13595K, committed 13744K, reserved 1048576K
}
Event: 1344.019 GC heap before
{Heap before GC invocations=48 (full 4):
 PSYoungGen      total 533504K, used 533264K [0x00000000d5580000, 0x0000000100000000, 0x0000000100000000)
  eden space 387584K, 99% used [0x00000000d5580000,0x00000000ecffc0c8,0x00000000ed000000)
  from space 145920K, 99% used [0x00000000ed000000,0x00000000f5e47fe0,0x00000000f5e80000)
  to   space 165376K, 0% used [0x00000000f5e80000,0x00000000f5e80000,0x0000000100000000)
 ParOldGen       total 477696K, used 327025K [0x0000000080000000, 0x000000009d280000, 0x00000000d5580000)
  object space 477696K, 68% used [0x0000000080000000,0x0000000093f5c4b0,0x000000009d280000)
 Metaspace       used 99182K, capacity 104900K, committed 105128K, reserved 1140736K
  class space    used 12653K, capacity 13687K, committed 13744K, reserved 1048576K
Event: 1344.127 GC heap after
Heap after GC invocations=48 (full 4):
 PSYoungGen      total 529408K, used 72164K [0x00000000d5580000, 0x0000000100000000, 0x0000000100000000)
  eden space 364032K, 0% used [0x00000000d5580000,0x00000000d5580000,0x00000000eb900000)
  from space 165376K, 43% used [0x00000000f5e80000,0x00000000fa4f90d8,0x0000000100000000)
  to   space 167424K, 0% used [0x00000000eb900000,0x00000000eb900000,0x00000000f5c80000)
 ParOldGen       total 477696K, used 350470K [0x0000000080000000, 0x000000009d280000, 0x00000000d5580000)
  object space 477696K, 73% used [0x0000000080000000,0x00000000956418f0,0x000000009d280000)
 Metaspace       used 99182K, capacity 104900K, committed 105128K, reserved 1140736K
  class space    used 12653K, capacity 13687K, committed 13744K, reserved 1048576K
}
Event: 1541.590 GC heap before
{Heap before GC invocations=49 (full 4):
 PSYoungGen      total 529408K, used 436196K [0x00000000d5580000, 0x0000000100000000, 0x0000000100000000)
  eden space 364032K, 100% used [0x00000000d5580000,0x00000000eb900000,0x00000000eb900000)
  from space 165376K, 43% used [0x00000000f5e80000,0x00000000fa4f90d8,0x0000000100000000)
  to   space 167424K, 0% used [0x00000000eb900000,0x00000000eb900000,0x00000000f5c80000)
 ParOldGen       total 477696K, used 350470K [0x0000000080000000, 0x000000009d280000, 0x00000000d5580000)
  object space 477696K, 73% used [0x0000000080000000,0x00000000956418f0,0x000000009d280000)
 Metaspace       used 99469K, capacity 105370K, committed 105384K, reserved 1140736K
  class space    used 12679K, capacity 13732K, committed 13744K, reserved 1048576K
Event: 1541.678 GC heap after
Heap after GC invocations=49 (full 4):
 PSYoungGen      total 411648K, used 47507K [0x00000000d5580000, 0x00000000ff700000, 0x0000000100000000)
  eden space 364032K, 0% used [0x00000000d5580000,0x00000000d5580000,0x00000000eb900000)
  from space 47616K, 99% used [0x00000000eb900000,0x00000000ee764cd8,0x00000000ee780000)
  to   space 161792K, 0% used [0x00000000f5900000,0x00000000f5900000,0x00000000ff700000)
 ParOldGen       total 477696K, used 362829K [0x0000000080000000, 0x000000009d280000, 0x00000000d5580000)
  object space 477696K, 75% used [0x0000000080000000,0x00000000962534e0,0x000000009d280000)
 Metaspace       used 99469K, capacity 105370K, committed 105384K, reserved 1140736K
  class space    used 12679K, capacity 13732K, committed 13744K, reserved 1048576K
}
Event: 1993.517 GC heap before
{Heap before GC invocations=50 (full 4):
 PSYoungGen      total 411648K, used 411539K [0x00000000d5580000, 0x00000000ff700000, 0x0000000100000000)
  eden space 364032K, 100% used [0x00000000d5580000,0x00000000eb900000,0x00000000eb900000)
  from space 47616K, 99% used [0x00000000eb900000,0x00000000ee764cd8,0x00000000ee780000)
  to   space 161792K, 0% used [0x00000000f5900000,0x00000000f5900000,0x00000000ff700000)
 ParOldGen       total 477696K, used 362829K [0x0000000080000000, 0x000000009d280000, 0x00000000d5580000)
  object space 477696K, 75% used [0x0000000080000000,0x00000000962534e0,0x000000009d280000)
 Metaspace       used 108167K, capacity 114746K, committed 115112K, reserved 1148928K
  class space    used 13929K, capacity 15157K, committed 15280K, reserved 1048576K
Event: 1993.621 GC heap after
Heap after GC invocations=50 (full 4):
 PSYoungGen      total 534528K, used 52187K [0x00000000d5580000, 0x0000000100000000, 0x0000000100000000)
  eden space 372736K, 0% used [0x00000000d5580000,0x00000000d5580000,0x00000000ec180000)
  from space 161792K, 32% used [0x00000000f5900000,0x00000000f8bf6e00,0x00000000ff700000)
  to   space 155136K, 0% used [0x00000000ec180000,0x00000000ec180000,0x00000000f5900000)
 ParOldGen       total 477696K, used 370438K [0x0000000080000000, 0x000000009d280000, 0x00000000d5580000)
  object space 477696K, 77% used [0x0000000080000000,0x00000000969c1810,0x000000009d280000)
 Metaspace       used 108167K, capacity 114746K, committed 115112K, reserved 1148928K
  class space    used 13929K, capacity 15157K, committed 15280K, reserved 1048576K
}

