# JRE version: OpenJDK Runtime Environment (8.0_242-b01) (build 1.8.0_242-release-1644-b01)
# Java VM: OpenJDK 64-Bit Server VM (25.242-b01 mixed mode windows-amd64 compressed oops)
Heap:
 PSYoungGen      total 351232K, used 289247K [0x00000000d5580000, 0x00000000f1380000, 0x0000000100000000)
  eden space 326656K, 81% used [0x00000000d5580000,0x00000000e57fbbb8,0x00000000e9480000)
  from space 24576K, 99% used [0x00000000e9480000,0x00000000eac7c1a8,0x00000000eac80000)
  to   space 34304K, 0% used [0x00000000ef200000,0x00000000ef200000,0x00000000f1380000)
 ParOldGen       total 216064K, used 53743K [0x0000000080000000, 0x000000008d300000, 0x00000000d5580000)
  object space 216064K, 24% used [0x0000000080000000,0x000000008347bd10,0x000000008d300000)
 Metaspace       used 71061K, capacity 74763K, committed 74904K, reserved 1114112K
  class space    used 9676K, capacity 10362K, committed 10416K, reserved 1048576K
GC Heap History (10 events):
Event: 4.427 GC heap before
{Heap before GC invocations=8 (full 2):
 PSYoungGen      total 235520K, used 8377K [0x00000000d5580000, 0x00000000e4b00000, 0x0000000100000000)
  eden space 220160K, 0% used [0x00000000d5580000,0x00000000d5580000,0x00000000e2c80000)
  from space 15360K, 54% used [0x00000000e3b00000,0x00000000e432e480,0x00000000e4a00000)
  to   space 14848K, 0% used [0x00000000e2c80000,0x00000000e2c80000,0x00000000e3b00000)
 ParOldGen       total 93696K, used 10837K [0x0000000080000000, 0x0000000085b80000, 0x00000000d5580000)
  object space 93696K, 11% used [0x0000000080000000,0x0000000080a95490,0x0000000085b80000)
 Metaspace       used 34352K, capacity 35420K, committed 35496K, reserved 1079296K
  class space    used 4731K, capacity 5003K, committed 5040K, reserved 1048576K
Event: 4.470 GC heap after
Heap after GC invocations=8 (full 2):
 PSYoungGen      total 235520K, used 0K [0x00000000d5580000, 0x00000000e4b00000, 0x0000000100000000)
  eden space 220160K, 0% used [0x00000000d5580000,0x00000000d5580000,0x00000000e2c80000)
  from space 15360K, 0% used [0x00000000e3b00000,0x00000000e3b00000,0x00000000e4a00000)
  to   space 14848K, 0% used [0x00000000e2c80000,0x00000000e2c80000,0x00000000e3b00000)
 ParOldGen       total 140800K, used 14806K [0x0000000080000000, 0x0000000088980000, 0x00000000d5580000)
  object space 140800K, 10% used [0x0000000080000000,0x0000000080e758d0,0x0000000088980000)
 Metaspace       used 34352K, capacity 35420K, committed 35496K, reserved 1079296K
  class space    used 4731K, capacity 5003K, committed 5040K, reserved 1048576K
}
Event: 6.265 GC heap before
{Heap before GC invocations=9 (full 2):
 PSYoungGen      total 235520K, used 220160K [0x00000000d5580000, 0x00000000e4b00000, 0x0000000100000000)
  eden space 220160K, 100% used [0x00000000d5580000,0x00000000e2c80000,0x00000000e2c80000)
  from space 15360K, 0% used [0x00000000e3b00000,0x00000000e3b00000,0x00000000e4a00000)
  to   space 14848K, 0% used [0x00000000e2c80000,0x00000000e2c80000,0x00000000e3b00000)
 ParOldGen       total 140800K, used 14806K [0x0000000080000000, 0x0000000088980000, 0x00000000d5580000)
  object space 140800K, 10% used [0x0000000080000000,0x0000000080e758d0,0x0000000088980000)
 Metaspace       used 45931K, capacity 47676K, committed 47784K, reserved 1091584K
  class space    used 6219K, capacity 6556K, committed 6576K, reserved 1048576K
Event: 6.279 GC heap after
Heap after GC invocations=9 (full 2):
 PSYoungGen      total 235008K, used 14839K [0x00000000d5580000, 0x00000000ebe00000, 0x0000000100000000)
  eden space 220160K, 0% used [0x00000000d5580000,0x00000000d5580000,0x00000000e2c80000)
  from space 14848K, 99% used [0x00000000e2c80000,0x00000000e3afdcb8,0x00000000e3b00000)
  to   space 17920K, 0% used [0x00000000eac80000,0x00000000eac80000,0x00000000ebe00000)
 ParOldGen       total 140800K, used 17363K [0x0000000080000000, 0x0000000088980000, 0x00000000d5580000)
  object space 140800K, 12% used [0x0000000080000000,0x00000000810f4dd8,0x0000000088980000)
 Metaspace       used 45931K, capacity 47676K, committed 47784K, reserved 1091584K
  class space    used 6219K, capacity 6556K, committed 6576K, reserved 1048576K
}
Event: 8.197 GC heap before
{Heap before GC invocations=10 (full 2):
 PSYoungGen      total 235008K, used 178299K [0x00000000d5580000, 0x00000000ebe00000, 0x0000000100000000)
  eden space 220160K, 74% used [0x00000000d5580000,0x00000000df5210a0,0x00000000e2c80000)
  from space 14848K, 99% used [0x00000000e2c80000,0x00000000e3afdcb8,0x00000000e3b00000)
  to   space 17920K, 0% used [0x00000000eac80000,0x00000000eac80000,0x00000000ebe00000)
 ParOldGen       total 140800K, used 17363K [0x0000000080000000, 0x0000000088980000, 0x00000000d5580000)
  object space 140800K, 12% used [0x0000000080000000,0x00000000810f4dd8,0x0000000088980000)
 Metaspace       used 56736K, capacity 59129K, committed 59160K, reserved 1099776K
  class space    used 7776K, capacity 8240K, committed 8240K, reserved 1048576K
Event: 8.217 GC heap after
Heap after GC invocations=10 (full 2):
 PSYoungGen      total 344576K, used 17916K [0x00000000d5580000, 0x00000000ec500000, 0x0000000100000000)
  eden space 326656K, 0% used [0x00000000d5580000,0x00000000d5580000,0x00000000e9480000)
  from space 17920K, 99% used [0x00000000eac80000,0x00000000ebdff320,0x00000000ebe00000)
  to   space 24576K, 0% used [0x00000000e9480000,0x00000000e9480000,0x00000000eac80000)
 ParOldGen       total 140800K, used 26375K [0x0000000080000000, 0x0000000088980000, 0x00000000d5580000)
  object space 140800K, 18% used [0x0000000080000000,0x00000000819c1fc0,0x0000000088980000)
 Metaspace       used 56736K, capacity 59129K, committed 59160K, reserved 1099776K
  class space    used 7776K, capacity 8240K, committed 8240K, reserved 1048576K
}
Event: 8.217 GC heap before
{Heap before GC invocations=11 (full 3):
 PSYoungGen      total 344576K, used 17916K [0x00000000d5580000, 0x00000000ec500000, 0x0000000100000000)
  eden space 326656K, 0% used [0x00000000d5580000,0x00000000d5580000,0x00000000e9480000)
  from space 17920K, 99% used [0x00000000eac80000,0x00000000ebdff320,0x00000000ebe00000)
  to   space 24576K, 0% used [0x00000000e9480000,0x00000000e9480000,0x00000000eac80000)
 ParOldGen       total 140800K, used 26375K [0x0000000080000000, 0x0000000088980000, 0x00000000d5580000)
  object space 140800K, 18% used [0x0000000080000000,0x00000000819c1fc0,0x0000000088980000)
 Metaspace       used 56736K, capacity 59129K, committed 59160K, reserved 1099776K
  class space    used 7776K, capacity 8240K, committed 8240K, reserved 1048576K
Event: 8.420 GC heap after
Heap after GC invocations=11 (full 3):
 PSYoungGen      total 344576K, used 0K [0x00000000d5580000, 0x00000000ec500000, 0x0000000100000000)
  eden space 326656K, 0% used [0x00000000d5580000,0x00000000d5580000,0x00000000e9480000)
  from space 17920K, 0% used [0x00000000eac80000,0x00000000eac80000,0x00000000ebe00000)
  to   space 24576K, 0% used [0x00000000e9480000,0x00000000e9480000,0x00000000eac80000)
 ParOldGen       total 216064K, used 38838K [0x0000000080000000, 0x000000008d300000, 0x00000000d5580000)
  object space 216064K, 17% used [0x0000000080000000,0x00000000825ed830,0x000000008d300000)
 Metaspace       used 56697K, capacity 58997K, committed 59160K, reserved 1099776K
  class space    used 7764K, capacity 8218K, committed 8240K, reserved 1048576K
}
Event: 17.390 GC heap before
{Heap before GC invocations=12 (full 3):
 PSYoungGen      total 344576K, used 326656K [0x00000000d5580000, 0x00000000ec500000, 0x0000000100000000)
  eden space 326656K, 100% used [0x00000000d5580000,0x00000000e9480000,0x00000000e9480000)
  from space 17920K, 0% used [0x00000000eac80000,0x00000000eac80000,0x00000000ebe00000)
  to   space 24576K, 0% used [0x00000000e9480000,0x00000000e9480000,0x00000000eac80000)
 ParOldGen       total 216064K, used 38838K [0x0000000080000000, 0x000000008d300000, 0x00000000d5580000)
  object space 216064K, 17% used [0x0000000080000000,0x00000000825ed830,0x000000008d300000)
 Metaspace       used 66220K, capacity 69777K, committed 69912K, reserved 1110016K
  class space    used 9120K, capacity 9747K, committed 9776K, reserved 1048576K
Event: 17.422 GC heap after
Heap after GC invocations=12 (full 3):
 PSYoungGen      total 351232K, used 24560K [0x00000000d5580000, 0x00000000f1380000, 0x0000000100000000)
  eden space 326656K, 0% used [0x00000000d5580000,0x00000000d5580000,0x00000000e9480000)
  from space 24576K, 99% used [0x00000000e9480000,0x00000000eac7c1a8,0x00000000eac80000)
  to   space 34304K, 0% used [0x00000000ef200000,0x00000000ef200000,0x00000000f1380000)
 ParOldGen       total 216064K, used 53743K [0x0000000080000000, 0x000000008d300000, 0x00000000d5580000)
  object space 216064K, 24% used [0x0000000080000000,0x000000008347bd10,0x000000008d300000)
 Metaspace       used 66220K, capacity 69777K, committed 69912K, reserved 1110016K
  class space    used 9120K, capacity 9747K, committed 9776K, reserved 1048576K
}

